2019-08-29 09:41:03,269 INFO  Logger.cs: 70 - 
--------------------------------------------------------------------------------
2019-08-29 09:41:03,310 INFO  Logger.cs: 71 - Logging commencing for SW2URDF exporter
2019-08-29 09:41:03,313 INFO  Logger.cs: 73 - Commit version 1.5.0-0-g9aa0fdb
2019-08-29 09:41:03,314 INFO  Logger.cs: 74 - Build version 1.5.7004.21443
2019-08-29 09:41:03,338 INFO  SwAddin.cs: 250 - Adding Assembly export to file menu
2019-08-29 09:41:03,339 INFO  SwAddin.cs: 253 - Adding Part export to file menu
2019-08-29 09:41:03,364 INFO  SwAddin.cs: 218 - Connecting plugin to SolidWorks
2019-08-29 09:42:19,115 INFO  SwAddin.cs: 271 - Assembly export called for file gb_assembly
2019-08-29 09:42:21,226 INFO  SwAddin.cs: 290 - Saving assembly
2019-08-29 09:42:22,631 INFO  SwAddin.cs: 293 - Opening property manager
2019-08-29 09:42:22,661 INFO  ExportHelperExtension.cs: 1134 - Retrieving features of type [CoordSys] from gb_assembly
2019-08-29 09:42:22,674 INFO  ExportHelperExtension.cs: 1145 - Found 39 in gb_assembly
2019-08-29 09:42:22,675 INFO  ExportHelperExtension.cs: 1155 - Found 0 features of type [CoordSys] in gb_assembly
2019-08-29 09:42:22,675 INFO  ExportHelperExtension.cs: 1158 - Proceeding through assembly components
2019-08-29 09:42:22,678 INFO  ExportHelperExtension.cs: 1170 - 5 components to check
2019-08-29 09:42:22,679 INFO  ExportHelperExtension.cs: 1134 - Retrieving features of type [CoordSys] from anydrive1-1
2019-08-29 09:42:22,680 INFO  ExportHelperExtension.cs: 1145 - Found 25 in anydrive1-1
2019-08-29 09:42:22,681 INFO  ExportHelperExtension.cs: 1155 - Found 0 features of type [CoordSys] in anydrive1-1
2019-08-29 09:42:22,681 INFO  ExportHelperExtension.cs: 1134 - Retrieving features of type [CoordSys] from link1-1
2019-08-29 09:42:22,682 INFO  ExportHelperExtension.cs: 1145 - Found 33 in link1-1
2019-08-29 09:42:22,683 INFO  ExportHelperExtension.cs: 1155 - Found 0 features of type [CoordSys] in link1-1
2019-08-29 09:42:22,683 INFO  ExportHelperExtension.cs: 1134 - Retrieving features of type [CoordSys] from base-1
2019-08-29 09:42:22,684 INFO  ExportHelperExtension.cs: 1145 - Found 37 in base-1
2019-08-29 09:42:22,711 INFO  ExportHelperExtension.cs: 1155 - Found 0 features of type [CoordSys] in base-1
2019-08-29 09:42:22,712 INFO  ExportHelperExtension.cs: 1134 - Retrieving features of type [CoordSys] from link2^gb_assembly-2
2019-08-29 09:42:23,280 INFO  ExportHelperExtension.cs: 1145 - Found 22 in link2^gb_assembly-2
2019-08-29 09:42:23,281 INFO  ExportHelperExtension.cs: 1155 - Found 0 features of type [CoordSys] in link2^gb_assembly-2
2019-08-29 09:42:23,282 INFO  ExportHelperExtension.cs: 1134 - Retrieving features of type [CoordSys] from anydrive2-1
2019-08-29 09:42:23,283 INFO  ExportHelperExtension.cs: 1145 - Found 25 in anydrive2-1
2019-08-29 09:42:23,284 INFO  ExportHelperExtension.cs: 1155 - Found 0 features of type [CoordSys] in anydrive2-1
2019-08-29 09:42:23,284 INFO  ExportHelperExtension.cs: 1134 - Retrieving features of type [RefAxis] from gb_assembly
2019-08-29 09:42:23,285 INFO  ExportHelperExtension.cs: 1145 - Found 39 in gb_assembly
2019-08-29 09:42:23,286 INFO  ExportHelperExtension.cs: 1155 - Found 0 features of type [RefAxis] in gb_assembly
2019-08-29 09:42:23,286 INFO  ExportHelperExtension.cs: 1158 - Proceeding through assembly components
2019-08-29 09:42:23,286 INFO  ExportHelperExtension.cs: 1170 - 5 components to check
2019-08-29 09:42:23,287 INFO  ExportHelperExtension.cs: 1134 - Retrieving features of type [RefAxis] from anydrive1-1
2019-08-29 09:42:23,288 INFO  ExportHelperExtension.cs: 1145 - Found 25 in anydrive1-1
2019-08-29 09:42:23,288 INFO  ExportHelperExtension.cs: 1155 - Found 0 features of type [RefAxis] in anydrive1-1
2019-08-29 09:42:23,305 INFO  ExportHelperExtension.cs: 1134 - Retrieving features of type [RefAxis] from link1-1
2019-08-29 09:42:23,306 INFO  ExportHelperExtension.cs: 1145 - Found 33 in link1-1
2019-08-29 09:42:23,308 INFO  ExportHelperExtension.cs: 1155 - Found 0 features of type [RefAxis] in link1-1
2019-08-29 09:42:23,309 INFO  ExportHelperExtension.cs: 1134 - Retrieving features of type [RefAxis] from base-1
2019-08-29 09:42:23,310 INFO  ExportHelperExtension.cs: 1145 - Found 37 in base-1
2019-08-29 09:42:23,310 INFO  ExportHelperExtension.cs: 1155 - Found 0 features of type [RefAxis] in base-1
2019-08-29 09:42:23,311 INFO  ExportHelperExtension.cs: 1134 - Retrieving features of type [RefAxis] from link2^gb_assembly-2
2019-08-29 09:42:23,311 INFO  ExportHelperExtension.cs: 1145 - Found 22 in link2^gb_assembly-2
2019-08-29 09:42:23,312 INFO  ExportHelperExtension.cs: 1155 - Found 0 features of type [RefAxis] in link2^gb_assembly-2
2019-08-29 09:42:23,312 INFO  ExportHelperExtension.cs: 1134 - Retrieving features of type [RefAxis] from anydrive2-1
2019-08-29 09:42:23,313 INFO  ExportHelperExtension.cs: 1145 - Found 25 in anydrive2-1
2019-08-29 09:42:23,313 INFO  ExportHelperExtension.cs: 1155 - Found 0 features of type [RefAxis] in anydrive2-1
2019-08-29 09:42:24,489 INFO  ExportPropertyManager.cs: 542 - Unknown
2019-08-29 09:42:24,504 INFO  SwAddin.cs: 316 - Loading config tree
2019-08-29 09:42:24,599 INFO  ExportPropertyManagerExtension.cs: 597 - Starting new configuration
2019-08-29 09:42:24,606 INFO  ExportPropertyManager.cs: 542 - Unknown
2019-08-29 09:42:24,608 INFO  SwAddin.cs: 321 - Showing property manager
2019-08-29 09:42:55,939 INFO  ExportPropertyManager.cs: 1082 - OnListboxSelectionChanged called. This method no longer throws an Exception. It just silently does nothing. Ok, except for this logging message
2019-08-29 09:42:59,620 INFO  ExportPropertyManager.cs: 1082 - OnListboxSelectionChanged called. This method no longer throws an Exception. It just silently does nothing. Ok, except for this logging message
2019-08-29 09:43:03,365 INFO  ExportPropertyManager.cs: 1082 - OnListboxSelectionChanged called. This method no longer throws an Exception. It just silently does nothing. Ok, except for this logging message
2019-08-29 09:44:53,718 INFO  ExportPropertyManager.cs: 454 - Configuration saved
2019-08-29 09:44:58,207 INFO  ExportPropertyManager.cs: 542 - Unknown
2019-08-29 09:45:03,821 INFO  ExportHelperExtension.cs: 338 - Creating joint Link1
2019-08-29 09:45:03,840 INFO  ExportHelperExtension.cs: 1400 - Fixing components for base_link
2019-08-29 09:45:03,841 INFO  ExportHelperExtension.cs: 1405 - Fixing 24
2019-08-29 09:45:03,841 INFO  ExportHelperExtension.cs: 1405 - Fixing 26
2019-08-29 09:45:04,242 INFO  ExportHelperExtension.cs: 838 - R1: 0, 0
2019-08-29 09:45:04,243 INFO  ExportHelperExtension.cs: 847 - R2: 0, 0
2019-08-29 09:45:04,243 INFO  ExportHelperExtension.cs: 855 - L1: 0
2019-08-29 09:45:04,244 INFO  ExportHelperExtension.cs: 863 - L2: 0
2019-08-29 09:45:04,503 INFO  ExportHelperExtension.cs: 1355 - Unfixing component 24
2019-08-29 09:45:04,504 INFO  ExportHelperExtension.cs: 1355 - Unfixing component 26
2019-08-29 09:45:07,248 WARN  ExportHelperExtension.cs: 342 - Creating joint from parent base_link to child Link1 failed
2019-08-29 09:45:07,256 INFO  ExportHelperExtension.cs: 338 - Creating joint Link2
2019-08-29 09:45:07,260 INFO  ExportHelperExtension.cs: 1400 - Fixing components for Link1
2019-08-29 09:45:07,261 INFO  ExportHelperExtension.cs: 1405 - Fixing 36
2019-08-29 09:45:07,261 INFO  ExportHelperExtension.cs: 1405 - Fixing 24
2019-08-29 09:45:07,262 INFO  ExportHelperExtension.cs: 1405 - Fixing 26
2019-08-29 09:45:07,894 INFO  ExportHelperExtension.cs: 834 - R1: 1, System.__ComObject, 1, -6.54729091219098E-16
2019-08-29 09:45:07,895 INFO  ExportHelperExtension.cs: 847 - R2: 0, 0
2019-08-29 09:45:07,895 INFO  ExportHelperExtension.cs: 855 - L1: 0
2019-08-29 09:45:07,895 INFO  ExportHelperExtension.cs: 863 - L2: 0
2019-08-29 09:45:07,908 INFO  ExportHelperExtension.cs: 1355 - Unfixing component 36
2019-08-29 09:45:07,909 INFO  ExportHelperExtension.cs: 1355 - Unfixing component 24
2019-08-29 09:45:07,909 INFO  ExportHelperExtension.cs: 1355 - Unfixing component 26
2019-08-29 09:45:12,425 WARN  ExportHelperExtension.cs: 342 - Creating joint from parent Link1 to child Link2 failed
2019-08-29 09:45:14,354 INFO  ExportPropertyManager.cs: 1188 - AfterClose called. This method no longer throws an Exception. It just silently does nothing. Ok, except for this logging message
2019-08-29 10:00:54,285 INFO  SwAddin.cs: 271 - Assembly export called for file gb_assembly
2019-08-29 10:00:56,260 INFO  SwAddin.cs: 290 - Saving assembly
2019-08-29 10:00:56,910 INFO  SwAddin.cs: 293 - Opening property manager
2019-08-29 10:00:56,911 INFO  ExportHelperExtension.cs: 1134 - Retrieving features of type [CoordSys] from gb_assembly
2019-08-29 10:00:56,912 INFO  ExportHelperExtension.cs: 1145 - Found 50 in gb_assembly
2019-08-29 10:00:56,913 INFO  ExportHelperExtension.cs: 1155 - Found 3 features of type [CoordSys] in gb_assembly
2019-08-29 10:00:56,914 INFO  ExportHelperExtension.cs: 1158 - Proceeding through assembly components
2019-08-29 10:00:56,915 INFO  ExportHelperExtension.cs: 1170 - 5 components to check
2019-08-29 10:00:56,915 INFO  ExportHelperExtension.cs: 1134 - Retrieving features of type [CoordSys] from anydrive1-1
2019-08-29 10:00:56,916 INFO  ExportHelperExtension.cs: 1145 - Found 25 in anydrive1-1
2019-08-29 10:00:56,917 INFO  ExportHelperExtension.cs: 1155 - Found 0 features of type [CoordSys] in anydrive1-1
2019-08-29 10:00:56,924 INFO  ExportHelperExtension.cs: 1134 - Retrieving features of type [CoordSys] from link1-1
2019-08-29 10:00:56,925 INFO  ExportHelperExtension.cs: 1145 - Found 33 in link1-1
2019-08-29 10:00:56,927 INFO  ExportHelperExtension.cs: 1155 - Found 0 features of type [CoordSys] in link1-1
2019-08-29 10:00:56,927 INFO  ExportHelperExtension.cs: 1134 - Retrieving features of type [CoordSys] from base-1
2019-08-29 10:00:56,928 INFO  ExportHelperExtension.cs: 1145 - Found 37 in base-1
2019-08-29 10:00:56,929 INFO  ExportHelperExtension.cs: 1155 - Found 0 features of type [CoordSys] in base-1
2019-08-29 10:00:56,929 INFO  ExportHelperExtension.cs: 1134 - Retrieving features of type [CoordSys] from link2^gb_assembly-2
2019-08-29 10:00:56,930 INFO  ExportHelperExtension.cs: 1145 - Found 22 in link2^gb_assembly-2
2019-08-29 10:00:56,931 INFO  ExportHelperExtension.cs: 1155 - Found 0 features of type [CoordSys] in link2^gb_assembly-2
2019-08-29 10:00:56,931 INFO  ExportHelperExtension.cs: 1134 - Retrieving features of type [CoordSys] from anydrive2-1
2019-08-29 10:00:56,932 INFO  ExportHelperExtension.cs: 1145 - Found 25 in anydrive2-1
2019-08-29 10:00:56,935 INFO  ExportHelperExtension.cs: 1155 - Found 0 features of type [CoordSys] in anydrive2-1
2019-08-29 10:00:56,938 INFO  ExportHelperExtension.cs: 1134 - Retrieving features of type [RefAxis] from gb_assembly
2019-08-29 10:00:56,942 INFO  ExportHelperExtension.cs: 1145 - Found 50 in gb_assembly
2019-08-29 10:00:56,943 INFO  ExportHelperExtension.cs: 1155 - Found 2 features of type [RefAxis] in gb_assembly
2019-08-29 10:00:56,943 INFO  ExportHelperExtension.cs: 1158 - Proceeding through assembly components
2019-08-29 10:00:56,944 INFO  ExportHelperExtension.cs: 1170 - 5 components to check
2019-08-29 10:00:56,953 INFO  ExportHelperExtension.cs: 1134 - Retrieving features of type [RefAxis] from anydrive1-1
2019-08-29 10:00:56,954 INFO  ExportHelperExtension.cs: 1145 - Found 25 in anydrive1-1
2019-08-29 10:00:56,955 INFO  ExportHelperExtension.cs: 1155 - Found 0 features of type [RefAxis] in anydrive1-1
2019-08-29 10:00:56,956 INFO  ExportHelperExtension.cs: 1134 - Retrieving features of type [RefAxis] from link1-1
2019-08-29 10:00:56,956 INFO  ExportHelperExtension.cs: 1145 - Found 33 in link1-1
2019-08-29 10:00:56,957 INFO  ExportHelperExtension.cs: 1155 - Found 0 features of type [RefAxis] in link1-1
2019-08-29 10:00:56,958 INFO  ExportHelperExtension.cs: 1134 - Retrieving features of type [RefAxis] from base-1
2019-08-29 10:00:56,958 INFO  ExportHelperExtension.cs: 1145 - Found 37 in base-1
2019-08-29 10:00:56,959 INFO  ExportHelperExtension.cs: 1155 - Found 0 features of type [RefAxis] in base-1
2019-08-29 10:00:56,980 INFO  ExportHelperExtension.cs: 1134 - Retrieving features of type [RefAxis] from link2^gb_assembly-2
2019-08-29 10:00:57,535 INFO  ExportHelperExtension.cs: 1145 - Found 22 in link2^gb_assembly-2
2019-08-29 10:00:57,536 INFO  ExportHelperExtension.cs: 1155 - Found 0 features of type [RefAxis] in link2^gb_assembly-2
2019-08-29 10:00:57,536 INFO  ExportHelperExtension.cs: 1134 - Retrieving features of type [RefAxis] from anydrive2-1
2019-08-29 10:00:57,537 INFO  ExportHelperExtension.cs: 1145 - Found 25 in anydrive2-1
2019-08-29 10:00:57,538 INFO  ExportHelperExtension.cs: 1155 - Found 0 features of type [RefAxis] in anydrive2-1
2019-08-29 10:00:57,700 INFO  ExportPropertyManager.cs: 542 - Unknown
2019-08-29 10:00:57,701 INFO  SwAddin.cs: 316 - Loading config tree
2019-08-29 10:00:57,702 INFO  ExportPropertyManagerExtension.cs: 597 - Starting new configuration
2019-08-29 10:00:57,705 INFO  ExportPropertyManager.cs: 542 - Unknown
2019-08-29 10:00:57,706 INFO  SwAddin.cs: 321 - Showing property manager
2019-08-29 10:01:24,544 INFO  ExportPropertyManager.cs: 1064 - OnComboboxSelectionChanged called. This method no longer throws an Exception. It just silently does nothing. Ok, except for this logging message
2019-08-29 10:01:26,898 INFO  ExportPropertyManager.cs: 1064 - OnComboboxSelectionChanged called. This method no longer throws an Exception. It just silently does nothing. Ok, except for this logging message
2019-08-29 10:01:51,284 INFO  ExportPropertyManager.cs: 1064 - OnComboboxSelectionChanged called. This method no longer throws an Exception. It just silently does nothing. Ok, except for this logging message
2019-08-29 10:01:53,581 INFO  ExportPropertyManager.cs: 1064 - OnComboboxSelectionChanged called. This method no longer throws an Exception. It just silently does nothing. Ok, except for this logging message
2019-08-29 10:02:02,828 INFO  ExportPropertyManager.cs: 1064 - OnComboboxSelectionChanged called. This method no longer throws an Exception. It just silently does nothing. Ok, except for this logging message
2019-08-29 10:02:12,760 INFO  ExportPropertyManager.cs: 1064 - OnComboboxSelectionChanged called. This method no longer throws an Exception. It just silently does nothing. Ok, except for this logging message
2019-08-29 10:02:34,060 INFO  ExportPropertyManager.cs: 1064 - OnComboboxSelectionChanged called. This method no longer throws an Exception. It just silently does nothing. Ok, except for this logging message
2019-08-29 10:03:10,687 INFO  ExportPropertyManager.cs: 454 - Configuration saved
2019-08-29 10:03:14,205 INFO  ExportPropertyManager.cs: 542 - Unknown
2019-08-29 10:03:15,668 INFO  ExportHelperExtension.cs: 338 - Creating joint Link1
2019-08-29 10:03:15,782 WARN  ExportHelperExtension.cs: 342 - Creating joint from parent base_link to child Link1 failed
2019-08-29 10:03:15,791 INFO  ExportHelperExtension.cs: 338 - Creating joint Link2
2019-08-29 10:03:15,840 WARN  ExportHelperExtension.cs: 342 - Creating joint from parent Link1 to child Link2 failed
2019-08-29 10:03:17,984 INFO  ExportPropertyManager.cs: 1188 - AfterClose called. This method no longer throws an Exception. It just silently does nothing. Ok, except for this logging message
2019-08-29 10:03:36,595 INFO  AssemblyExportForm.cs: 253 - Completing URDF export
2019-08-29 10:03:36,604 INFO  Serialization.cs: 275 - URDF Configuration found
<Link z:Id="i1" xmlns="http://schemas.datacontract.org/2004/07/SW2URDF" xmlns:i="http://www.w3.org/2001/XMLSchema-instance" xmlns:z="http://schemas.microsoft.com/2003/10/Serialization/"><Attributes><Attribute z:Id="i2"><AttributeType>name</AttributeType><IsRequired>true</IsRequired><Value i:type="a:string" xmlns:a="http://www.w3.org/2001/XMLSchema">base_link</Value></Attribute></Attributes><ChildElements><URDFElement z:Id="i3" i:type="Inertial"><Attributes/><ChildElements><URDFElement z:Id="i4" i:type="Origin"><Attributes><Attribute z:Id="i5"><AttributeType>xyz</AttributeType><IsRequired>true</IsRequired><Value i:type="a:ArrayOfdouble" xmlns:a="http://schemas.microsoft.com/2003/10/Serialization/Arrays"><a:double>0</a:double><a:double>0</a:double><a:double>0</a:double></Value></Attribute><Attribute z:Id="i6"><AttributeType>rpy</AttributeType><IsRequired>true</IsRequired><Value i:type="a:ArrayOfdouble" xmlns:a="http://schemas.microsoft.com/2003/10/Serialization/Arrays"><a:double>0</a:double><a:double>0</a:double><a:double>0</a:double></Value></Attribute></Attributes><ChildElements/><ElementName>origin</ElementName><required>false</required><RPYAttribute z:Ref="i6"/><XYZAttribute z:Ref="i5"/><isCustomized>false</isCustomized></URDFElement><URDFElement z:Id="i7" i:type="Mass"><Attributes><Attribute z:Id="i8"><AttributeType>value</AttributeType><IsRequired>true</IsRequired><Value i:type="a:double" xmlns:a="http://www.w3.org/2001/XMLSchema">0</Value></Attribute></Attributes><ChildElements/><ElementName>mass</ElementName><required>false</required><ValueAttribute z:Ref="i8"/></URDFElement><URDFElement z:Id="i9" i:type="Inertia"><Attributes><Attribute z:Id="i10"><AttributeType>ixx</AttributeType><IsRequired>true</IsRequired><Value i:type="a:double" xmlns:a="http://www.w3.org/2001/XMLSchema">0</Value></Attribute><Attribute z:Id="i11"><AttributeType>ixy</AttributeType><IsRequired>true</IsRequired><Value i:type="a:double" xmlns:a="http://www.w3.org/2001/XMLSchema">0</Value></Attribute><Attribute z:Id="i12"><AttributeType>ixz</AttributeType><IsRequired>true</IsRequired><Value i:type="a:double" xmlns:a="http://www.w3.org/2001/XMLSchema">0</Value></Attribute><Attribute z:Id="i13"><AttributeType>iyy</AttributeType><IsRequired>true</IsRequired><Value i:type="a:double" xmlns:a="http://www.w3.org/2001/XMLSchema">0</Value></Attribute><Attribute z:Id="i14"><AttributeType>iyz</AttributeType><IsRequired>true</IsRequired><Value i:type="a:double" xmlns:a="http://www.w3.org/2001/XMLSchema">0</Value></Attribute><Attribute z:Id="i15"><AttributeType>izz</AttributeType><IsRequired>true</IsRequired><Value i:type="a:double" xmlns:a="http://www.w3.org/2001/XMLSchema">0</Value></Attribute></Attributes><ChildElements/><ElementName>inertia</ElementName><required>false</required><IxxAttribute z:Ref="i10"/><IxyAttribute z:Ref="i11"/><IxzAttribute z:Ref="i12"/><IyyAttribute z:Ref="i13"/><IyzAttribute z:Ref="i14"/><IzzAttribute z:Ref="i15"/></URDFElement></ChildElements><ElementName>inertial</ElementName><required>false</required><Inertia z:Ref="i9"/><Mass z:Ref="i7"/><Origin z:Ref="i4"/></URDFElement><URDFElement z:Id="i16" i:type="Visual"><Attributes/><ChildElements><URDFElement z:Id="i17" i:type="Origin"><Attributes><Attribute z:Id="i18"><AttributeType>xyz</AttributeType><IsRequired>true</IsRequired><Value i:type="a:ArrayOfdouble" xmlns:a="http://schemas.microsoft.com/2003/10/Serialization/Arrays"><a:double>0</a:double><a:double>0</a:double><a:double>0</a:double></Value></Attribute><Attribute z:Id="i19"><AttributeType>rpy</AttributeType><IsRequired>true</IsRequired><Value i:type="a:ArrayOfdouble" xmlns:a="http://schemas.microsoft.com/2003/10/Serialization/Arrays"><a:double>0</a:double><a:double>0</a:double><a:double>0</a:double></Value></Attribute></Attributes><ChildElements/><ElementName>origin</ElementName><required>false</required><RPYAttribute z:Ref="i19"/><XYZAttribute z:Ref="i18"/><isCustomized>false</isCustomized></URDFElement><URDFElement z:Id="i20" i:type="Geometry"><Attributes/><ChildElements><URDFElement z:Id="i21" i:type="Mesh"><Attributes><Attribute z:Id="i22"><AttributeType>filename</AttributeType><IsRequired>true</IsRequired><Value i:nil="true"/></Attribute></Attributes><ChildElements/><ElementName>mesh</ElementName><required>false</required><FilenameAttribute z:Ref="i22"/></URDFElement></ChildElements><ElementName>geometry</ElementName><required>true</required><Mesh z:Ref="i21"/></URDFElement><URDFElement z:Id="i23" i:type="Material"><Attributes><Attribute z:Id="i24"><AttributeType>name</AttributeType><IsRequired>true</IsRequired><Value i:type="a:string" xmlns:a="http://www.w3.org/2001/XMLSchema"/></Attribute></Attributes><ChildElements><URDFElement z:Id="i25" i:type="Color"><Attributes><Attribute z:Id="i26"><AttributeType>rgba</AttributeType><IsRequired>true</IsRequired><Value i:type="a:ArrayOfdouble" xmlns:a="http://schemas.microsoft.com/2003/10/Serialization/Arrays"><a:double>1</a:double><a:double>1</a:double><a:double>1</a:double><a:double>1</a:double></Value></Attribute></Attributes><ChildElements/><ElementName>color</ElementName><required>false</required><RGBAAttribute z:Ref="i26"/></URDFElement><URDFElement z:Id="i27" i:type="Texture"><Attributes><Attribute z:Id="i28"><AttributeType>filename</AttributeType><IsRequired>true</IsRequired><Value i:nil="true"/></Attribute></Attributes><ChildElements/><ElementName>texture</ElementName><required>false</required><FilenameAttribute z:Ref="i28"/><wFilename/></URDFElement></ChildElements><ElementName>material</ElementName><required>false</required><Color z:Ref="i25"/><NameAttribute z:Ref="i24"/><Texture z:Ref="i27"/></URDFElement></ChildElements><ElementName>visual</ElementName><required>false</required><Geometry z:Ref="i20"/><Material z:Ref="i23"/><Origin z:Ref="i17"/></URDFElement><URDFElement z:Id="i29" i:type="Collision"><Attributes/><ChildElements><URDFElement z:Id="i30" i:type="Origin"><Attributes><Attribute z:Id="i31"><AttributeType>xyz</AttributeType><IsRequired>true</IsRequired><Value i:type="a:ArrayOfdouble" xmlns:a="http://schemas.microsoft.com/2003/10/Serialization/Arrays"><a:double>0</a:double><a:double>0</a:double><a:double>0</a:double></Value></Attribute><Attribute z:Id="i32"><AttributeType>rpy</AttributeType><IsRequired>true</IsRequired><Value i:type="a:ArrayOfdouble" xmlns:a="http://schemas.microsoft.com/2003/10/Serialization/Arrays"><a:double>0</a:double><a:double>0</a:double><a:double>0</a:double></Value></Attribute></Attributes><ChildElements/><ElementName>origin</ElementName><required>false</required><RPYAttribute z:Ref="i32"/><XYZAttribute z:Ref="i31"/><isCustomized>false</isCustomized></URDFElement><URDFElement z:Id="i33" i:type="Geometry"><Attributes/><ChildElements><URDFElement z:Id="i34" i:type="Mesh"><Attributes><Attribute z:Id="i35"><AttributeType>filename</AttributeType><IsRequired>true</IsRequired><Value i:nil="true"/></Attribute></Attributes><ChildElements/><ElementName>mesh</ElementName><required>false</required><FilenameAttribute z:Ref="i35"/></URDFElement></ChildElements><ElementName>geometry</ElementName><required>true</required><Mesh z:Ref="i34"/></URDFElement></ChildElements><ElementName>collision</ElementName><required>false</required><Geometry z:Ref="i33"/><Origin z:Ref="i30"/></URDFElement><URDFElement z:Id="i36" i:type="Joint"><Attributes><Attribute z:Id="i37"><AttributeType>name</AttributeType><IsRequired>true</IsRequired><Value i:type="a:string" xmlns:a="http://www.w3.org/2001/XMLSchema"/></Attribute><Attribute z:Id="i38"><AttributeType>type</AttributeType><IsRequired>true</IsRequired><Value i:type="a:string" xmlns:a="http://www.w3.org/2001/XMLSchema"/></Attribute></Attributes><ChildElements><URDFElement z:Id="i39" i:type="Origin"><Attributes><Attribute z:Id="i40"><AttributeType>xyz</AttributeType><IsRequired>true</IsRequired><Value i:type="a:ArrayOfdouble" xmlns:a="http://schemas.microsoft.com/2003/10/Serialization/Arrays"><a:double>0</a:double><a:double>0</a:double><a:double>0</a:double></Value></Attribute><Attribute z:Id="i41"><AttributeType>rpy</AttributeType><IsRequired>true</IsRequired><Value i:type="a:ArrayOfdouble" xmlns:a="http://schemas.microsoft.com/2003/10/Serialization/Arrays"><a:double>0</a:double><a:double>0</a:double><a:double>0</a:double></Value></Attribute></Attributes><ChildElements/><ElementName>origin</ElementName><required>false</required><RPYAttribute z:Ref="i41"/><XYZAttribute z:Ref="i40"/><isCustomized>false</isCustomized></URDFElement><URDFElement z:Id="i42" i:type="ParentLink"><Attributes><Attribute z:Id="i43"><AttributeType>link</AttributeType><IsRequired>true</IsRequired><Value i:type="a:string" xmlns:a="http://www.w3.org/2001/XMLSchema"/></Attribute></Attributes><ChildElements/><ElementName>parent</ElementName><required>true</required><NameAttribute z:Ref="i43"/></URDFElement><URDFElement z:Id="i44" i:type="ChildLink"><Attributes><Attribute z:Id="i45"><AttributeType>link</AttributeType><IsRequired>true</IsRequired><Value i:type="a:string" xmlns:a="http://www.w3.org/2001/XMLSchema"/></Attribute></Attributes><ChildElements/><ElementName>child</ElementName><required>true</required><NameAttribute z:Ref="i45"/></URDFElement><URDFElement z:Id="i46" i:type="Axis"><Attributes><Attribute z:Id="i47"><AttributeType>xyz</AttributeType><IsRequired>true</IsRequired><Value i:type="a:ArrayOfdouble" xmlns:a="http://schemas.microsoft.com/2003/10/Serialization/Arrays"><a:double>0</a:double><a:double>0</a:double><a:double>0</a:double></Value></Attribute></Attributes><ChildElements/><ElementName>axis</ElementName><required>false</required><XYZAttribute z:Ref="i47"/></URDFElement><URDFElement z:Id="i48" i:type="Limit"><Attributes><Attribute z:Id="i49"><AttributeType>lower</AttributeType><IsRequired>false</IsRequired><Value i:nil="true"/></Attribute><Attribute z:Id="i50"><AttributeType>upper</AttributeType><IsRequired>false</IsRequired><Value i:nil="true"/></Attribute><Attribute z:Id="i51"><AttributeType>effort</AttributeType><IsRequired>true</IsRequired><Value i:nil="true"/></Attribute><Attribute z:Id="i52"><AttributeType>velocity</AttributeType><IsRequired>true</IsRequired><Value i:nil="true"/></Attribute></Attributes><ChildElements/><ElementName>limit</ElementName><required>false</required><EffortAttribute z:Ref="i51"/><LowerAttribute z:Ref="i49"/><UpperAttribute z:Ref="i50"/><VelocityAttribute z:Ref="i52"/></URDFElement><URDFElement z:Id="i53" i:type="Calibration"><Attributes><Attribute z:Id="i54"><AttributeType>rising</AttributeType><IsRequired>false</IsRequired><Value i:nil="true"/></Attribute><Attribute z:Id="i55"><AttributeType>falling</AttributeType><IsRequired>false</IsRequired><Value i:nil="true"/></Attribute></Attributes><ChildElements/><ElementName>calibration</ElementName><required>false</required><FallingAttribute z:Ref="i55"/><RisingAttribute z:Ref="i54"/></URDFElement><URDFElement z:Id="i56" i:type="Dynamics"><Attributes><Attribute z:Id="i57"><AttributeType>damping</AttributeType><IsRequired>false</IsRequired><Value i:nil="true"/></Attribute><Attribute z:Id="i58"><AttributeType>friction</AttributeType><IsRequired>false</IsRequired><Value i:nil="true"/></Attribute></Attributes><ChildElements/><ElementName>dynamics</ElementName><required>false</required><DampingAttribute z:Ref="i57"/><FrictionAttribute z:Ref="i58"/></URDFElement><URDFElement z:Id="i59" i:type="SafetyController"><Attributes><Attribute z:Id="i60"><AttributeType>soft_upper</AttributeType><IsRequired>false</IsRequired><Value i:nil="true"/></Attribute><Attribute z:Id="i61"><AttributeType>soft_lower</AttributeType><IsRequired>false</IsRequired><Value i:nil="true"/></Attribute><Attribute z:Id="i62"><AttributeType>k_position</AttributeType><IsRequired>false</IsRequired><Value i:nil="true"/></Attribute><Attribute z:Id="i63"><AttributeType>k_velocity</AttributeType><IsRequired>true</IsRequired><Value i:type="a:double" xmlns:a="http://www.w3.org/2001/XMLSchema">0</Value></Attribute></Attributes><ChildElements/><ElementName>safety_controller</ElementName><required>false</required><KPositionAttribute z:Ref="i62"/><KVelocityAttribute z:Ref="i63"/><SoftLowerAttribute z:Ref="i61"/><SoftUpperAttribute z:Ref="i60"/></URDFElement><URDFElement z:Id="i64" i:type="Mimic"><Attributes><Attribute z:Id="i65"><AttributeType>joint</AttributeType><IsRequired>true</IsRequired><Value i:nil="true"/></Attribute><Attribute z:Id="i66"><AttributeType>multiplier</AttributeType><IsRequired>false</IsRequired><Value i:nil="true"/></Attribute><Attribute z:Id="i67"><AttributeType>offset</AttributeType><IsRequired>false</IsRequired><Value i:nil="true"/></Attribute></Attributes><ChildElements/><ElementName>mimic</ElementName><required>false</required><JointNameAttribute z:Ref="i65"/><MultiplierAttribute z:Ref="i66"/><OffsetAttribute z:Ref="i67"/></URDFElement></ChildElements><ElementName>joint</ElementName><required>false</required><Axis z:Ref="i46"/><AxisName/><Calibration z:Ref="i53"/><Child z:Ref="i44"/><CoordinateSystemName>?????????0</CoordinateSystemName><Dynamics z:Ref="i56"/><Limit z:Ref="i48"/><Mimic z:Ref="i64"/><NameAttribute z:Ref="i37"/><Origin z:Ref="i39"/><Parent z:Ref="i42"/><Safety z:Ref="i59"/><TypeAttribute z:Ref="i38"/></URDFElement></ChildElements><ElementName>link</ElementName><required>true</required><Children><Link z:Id="i68"><Attributes><Attribute z:Id="i69"><AttributeType>name</AttributeType><IsRequired>true</IsRequired><Value i:type="a:string" xmlns:a="http://www.w3.org/2001/XMLSchema">Link1</Value></Attribute></Attributes><ChildElements><URDFElement z:Id="i70" i:type="Inertial"><Attributes/><ChildElements><URDFElement z:Id="i71" i:type="Origin"><Attributes><Attribute z:Id="i72"><AttributeType>xyz</AttributeType><IsRequired>true</IsRequired><Value i:type="a:ArrayOfdouble" xmlns:a="http://schemas.microsoft.com/2003/10/Serialization/Arrays"><a:double>0</a:double><a:double>0</a:double><a:double>0</a:double></Value></Attribute><Attribute z:Id="i73"><AttributeType>rpy</AttributeType><IsRequired>true</IsRequired><Value i:type="a:ArrayOfdouble" xmlns:a="http://schemas.microsoft.com/2003/10/Serialization/Arrays"><a:double>0</a:double><a:double>0</a:double><a:double>0</a:double></Value></Attribute></Attributes><ChildElements/><ElementName>origin</ElementName><required>false</required><RPYAttribute z:Ref="i73"/><XYZAttribute z:Ref="i72"/><isCustomized>false</isCustomized></URDFElement><URDFElement z:Id="i74" i:type="Mass"><Attributes><Attribute z:Id="i75"><AttributeType>value</AttributeType><IsRequired>true</IsRequired><Value i:type="a:double" xmlns:a="http://www.w3.org/2001/XMLSchema">0</Value></Attribute></Attributes><ChildElements/><ElementName>mass</ElementName><required>false</required><ValueAttribute z:Ref="i75"/></URDFElement><URDFElement z:Id="i76" i:type="Inertia"><Attributes><Attribute z:Id="i77"><AttributeType>ixx</AttributeType><IsRequired>true</IsRequired><Value i:type="a:double" xmlns:a="http://www.w3.org/2001/XMLSchema">0</Value></Attribute><Attribute z:Id="i78"><AttributeType>ixy</AttributeType><IsRequired>true</IsRequired><Value i:type="a:double" xmlns:a="http://www.w3.org/2001/XMLSchema">0</Value></Attribute><Attribute z:Id="i79"><AttributeType>ixz</AttributeType><IsRequired>true</IsRequired><Value i:type="a:double" xmlns:a="http://www.w3.org/2001/XMLSchema">0</Value></Attribute><Attribute z:Id="i80"><AttributeType>iyy</AttributeType><IsRequired>true</IsRequired><Value i:type="a:double" xmlns:a="http://www.w3.org/2001/XMLSchema">0</Value></Attribute><Attribute z:Id="i81"><AttributeType>iyz</AttributeType><IsRequired>true</IsRequired><Value i:type="a:double" xmlns:a="http://www.w3.org/2001/XMLSchema">0</Value></Attribute><Attribute z:Id="i82"><AttributeType>izz</AttributeType><IsRequired>true</IsRequired><Value i:type="a:double" xmlns:a="http://www.w3.org/2001/XMLSchema">0</Value></Attribute></Attributes><ChildElements/><ElementName>inertia</ElementName><required>false</required><IxxAttribute z:Ref="i77"/><IxyAttribute z:Ref="i78"/><IxzAttribute z:Ref="i79"/><IyyAttribute z:Ref="i80"/><IyzAttribute z:Ref="i81"/><IzzAttribute z:Ref="i82"/></URDFElement></ChildElements><ElementName>inertial</ElementName><required>false</required><Inertia z:Ref="i76"/><Mass z:Ref="i74"/><Origin z:Ref="i71"/></URDFElement><URDFElement z:Id="i83" i:type="Visual"><Attributes/><ChildElements><URDFElement z:Id="i84" i:type="Origin"><Attributes><Attribute z:Id="i85"><AttributeType>xyz</AttributeType><IsRequired>true</IsRequired><Value i:type="a:ArrayOfdouble" xmlns:a="http://schemas.microsoft.com/2003/10/Serialization/Arrays"><a:double>0</a:double><a:double>0</a:double><a:double>0</a:double></Value></Attribute><Attribute z:Id="i86"><AttributeType>rpy</AttributeType><IsRequired>true</IsRequired><Value i:type="a:ArrayOfdouble" xmlns:a="http://schemas.microsoft.com/2003/10/Serialization/Arrays"><a:double>0</a:double><a:double>0</a:double><a:double>0</a:double></Value></Attribute></Attributes><ChildElements/><ElementName>origin</ElementName><required>false</required><RPYAttribute z:Ref="i86"/><XYZAttribute z:Ref="i85"/><isCustomized>false</isCustomized></URDFElement><URDFElement z:Id="i87" i:type="Geometry"><Attributes/><ChildElements><URDFElement z:Id="i88" i:type="Mesh"><Attributes><Attribute z:Id="i89"><AttributeType>filename</AttributeType><IsRequired>true</IsRequired><Value i:nil="true"/></Attribute></Attributes><ChildElements/><ElementName>mesh</ElementName><required>false</required><FilenameAttribute z:Ref="i89"/></URDFElement></ChildElements><ElementName>geometry</ElementName><required>true</required><Mesh z:Ref="i88"/></URDFElement><URDFElement z:Id="i90" i:type="Material"><Attributes><Attribute z:Id="i91"><AttributeType>name</AttributeType><IsRequired>true</IsRequired><Value i:type="a:string" xmlns:a="http://www.w3.org/2001/XMLSchema"/></Attribute></Attributes><ChildElements><URDFElement z:Id="i92" i:type="Color"><Attributes><Attribute z:Id="i93"><AttributeType>rgba</AttributeType><IsRequired>true</IsRequired><Value i:type="a:ArrayOfdouble" xmlns:a="http://schemas.microsoft.com/2003/10/Serialization/Arrays"><a:double>1</a:double><a:double>1</a:double><a:double>1</a:double><a:double>1</a:double></Value></Attribute></Attributes><ChildElements/><ElementName>color</ElementName><required>false</required><RGBAAttribute z:Ref="i93"/></URDFElement><URDFElement z:Id="i94" i:type="Texture"><Attributes><Attribute z:Id="i95"><AttributeType>filename</AttributeType><IsRequired>true</IsRequired><Value i:nil="true"/></Attribute></Attributes><ChildElements/><ElementName>texture</ElementName><required>false</required><FilenameAttribute z:Ref="i95"/><wFilename/></URDFElement></ChildElements><ElementName>material</ElementName><required>false</required><Color z:Ref="i92"/><NameAttribute z:Ref="i91"/><Texture z:Ref="i94"/></URDFElement></ChildElements><ElementName>visual</ElementName><required>false</required><Geometry z:Ref="i87"/><Material z:Ref="i90"/><Origin z:Ref="i84"/></URDFElement><URDFElement z:Id="i96" i:type="Collision"><Attributes/><ChildElements><URDFElement z:Id="i97" i:type="Origin"><Attributes><Attribute z:Id="i98"><AttributeType>xyz</AttributeType><IsRequired>true</IsRequired><Value i:type="a:ArrayOfdouble" xmlns:a="http://schemas.microsoft.com/2003/10/Serialization/Arrays"><a:double>0</a:double><a:double>0</a:double><a:double>0</a:double></Value></Attribute><Attribute z:Id="i99"><AttributeType>rpy</AttributeType><IsRequired>true</IsRequired><Value i:type="a:ArrayOfdouble" xmlns:a="http://schemas.microsoft.com/2003/10/Serialization/Arrays"><a:double>0</a:double><a:double>0</a:double><a:double>0</a:double></Value></Attribute></Attributes><ChildElements/><ElementName>origin</ElementName><required>false</required><RPYAttribute z:Ref="i99"/><XYZAttribute z:Ref="i98"/><isCustomized>false</isCustomized></URDFElement><URDFElement z:Id="i100" i:type="Geometry"><Attributes/><ChildElements><URDFElement z:Id="i101" i:type="Mesh"><Attributes><Attribute z:Id="i102"><AttributeType>filename</AttributeType><IsRequired>true</IsRequired><Value i:nil="true"/></Attribute></Attributes><ChildElements/><ElementName>mesh</ElementName><required>false</required><FilenameAttribute z:Ref="i102"/></URDFElement></ChildElements><ElementName>geometry</ElementName><required>true</required><Mesh z:Ref="i101"/></URDFElement></ChildElements><ElementName>collision</ElementName><required>false</required><Geometry z:Ref="i100"/><Origin z:Ref="i97"/></URDFElement><URDFElement z:Id="i103" i:type="Joint"><Attributes><Attribute z:Id="i104"><AttributeType>name</AttributeType><IsRequired>true</IsRequired><Value i:type="a:string" xmlns:a="http://www.w3.org/2001/XMLSchema">joint1</Value></Attribute><Attribute z:Id="i105"><AttributeType>type</AttributeType><IsRequired>true</IsRequired><Value i:type="a:string" xmlns:a="http://www.w3.org/2001/XMLSchema">revolute</Value></Attribute></Attributes><ChildElements><URDFElement z:Id="i106" i:type="Origin"><Attributes><Attribute z:Id="i107"><AttributeType>xyz</AttributeType><IsRequired>true</IsRequired><Value i:type="a:ArrayOfdouble" xmlns:a="http://schemas.microsoft.com/2003/10/Serialization/Arrays"><a:double>0</a:double><a:double>0</a:double><a:double>0</a:double></Value></Attribute><Attribute z:Id="i108"><AttributeType>rpy</AttributeType><IsRequired>true</IsRequired><Value i:type="a:ArrayOfdouble" xmlns:a="http://schemas.microsoft.com/2003/10/Serialization/Arrays"><a:double>0</a:double><a:double>0</a:double><a:double>0</a:double></Value></Attribute></Attributes><ChildElements/><ElementName>origin</ElementName><required>false</required><RPYAttribute z:Ref="i108"/><XYZAttribute z:Ref="i107"/><isCustomized>false</isCustomized></URDFElement><URDFElement z:Id="i109" i:type="ParentLink"><Attributes><Attribute z:Id="i110"><AttributeType>link</AttributeType><IsRequired>true</IsRequired><Value i:type="a:string" xmlns:a="http://www.w3.org/2001/XMLSchema"/></Attribute></Attributes><ChildElements/><ElementName>parent</ElementName><required>true</required><NameAttribute z:Ref="i110"/></URDFElement><URDFElement z:Id="i111" i:type="ChildLink"><Attributes><Attribute z:Id="i112"><AttributeType>link</AttributeType><IsRequired>true</IsRequired><Value i:type="a:string" xmlns:a="http://www.w3.org/2001/XMLSchema"/></Attribute></Attributes><ChildElements/><ElementName>child</ElementName><required>true</required><NameAttribute z:Ref="i112"/></URDFElement><URDFElement z:Id="i113" i:type="Axis"><Attributes><Attribute z:Id="i114"><AttributeType>xyz</AttributeType><IsRequired>true</IsRequired><Value i:type="a:ArrayOfdouble" xmlns:a="http://schemas.microsoft.com/2003/10/Serialization/Arrays"><a:double>0</a:double><a:double>0</a:double><a:double>0</a:double></Value></Attribute></Attributes><ChildElements/><ElementName>axis</ElementName><required>false</required><XYZAttribute z:Ref="i114"/></URDFElement><URDFElement z:Id="i115" i:type="Limit"><Attributes><Attribute z:Id="i116"><AttributeType>lower</AttributeType><IsRequired>false</IsRequired><Value i:nil="true"/></Attribute><Attribute z:Id="i117"><AttributeType>upper</AttributeType><IsRequired>false</IsRequired><Value i:nil="true"/></Attribute><Attribute z:Id="i118"><AttributeType>effort</AttributeType><IsRequired>true</IsRequired><Value i:nil="true"/></Attribute><Attribute z:Id="i119"><AttributeType>velocity</AttributeType><IsRequired>true</IsRequired><Value i:nil="true"/></Attribute></Attributes><ChildElements/><ElementName>limit</ElementName><required>false</required><EffortAttribute z:Ref="i118"/><LowerAttribute z:Ref="i116"/><UpperAttribute z:Ref="i117"/><VelocityAttribute z:Ref="i119"/></URDFElement><URDFElement z:Id="i120" i:type="Calibration"><Attributes><Attribute z:Id="i121"><AttributeType>rising</AttributeType><IsRequired>false</IsRequired><Value i:nil="true"/></Attribute><Attribute z:Id="i122"><AttributeType>falling</AttributeType><IsRequired>false</IsRequired><Value i:nil="true"/></Attribute></Attributes><ChildElements/><ElementName>calibration</ElementName><required>false</required><FallingAttribute z:Ref="i122"/><RisingAttribute z:Ref="i121"/></URDFElement><URDFElement z:Id="i123" i:type="Dynamics"><Attributes><Attribute z:Id="i124"><AttributeType>damping</AttributeType><IsRequired>false</IsRequired><Value i:nil="true"/></Attribute><Attribute z:Id="i125"><AttributeType>friction</AttributeType><IsRequired>false</IsRequired><Value i:nil="true"/></Attribute></Attributes><ChildElements/><ElementName>dynamics</ElementName><required>false</required><DampingAttribute z:Ref="i124"/><FrictionAttribute z:Ref="i125"/></URDFElement><URDFElement z:Id="i126" i:type="SafetyController"><Attributes><Attribute z:Id="i127"><AttributeType>soft_upper</AttributeType><IsRequired>false</IsRequired><Value i:nil="true"/></Attribute><Attribute z:Id="i128"><AttributeType>soft_lower</AttributeType><IsRequired>false</IsRequired><Value i:nil="true"/></Attribute><Attribute z:Id="i129"><AttributeType>k_position</AttributeType><IsRequired>false</IsRequired><Value i:nil="true"/></Attribute><Attribute z:Id="i130"><AttributeType>k_velocity</AttributeType><IsRequired>true</IsRequired><Value i:type="a:double" xmlns:a="http://www.w3.org/2001/XMLSchema">0</Value></Attribute></Attributes><ChildElements/><ElementName>safety_controller</ElementName><required>false</required><KPositionAttribute z:Ref="i129"/><KVelocityAttribute z:Ref="i130"/><SoftLowerAttribute z:Ref="i128"/><SoftUpperAttribute z:Ref="i127"/></URDFElement><URDFElement z:Id="i131" i:type="Mimic"><Attributes><Attribute z:Id="i132"><AttributeType>joint</AttributeType><IsRequired>true</IsRequired><Value i:nil="true"/></Attribute><Attribute z:Id="i133"><AttributeType>multiplier</AttributeType><IsRequired>false</IsRequired><Value i:nil="true"/></Attribute><Attribute z:Id="i134"><AttributeType>offset</AttributeType><IsRequired>false</IsRequired><Value i:nil="true"/></Attribute></Attributes><ChildElements/><ElementName>mimic</ElementName><required>false</required><JointNameAttribute z:Ref="i132"/><MultiplierAttribute z:Ref="i133"/><OffsetAttribute z:Ref="i134"/></URDFElement></ChildElements><ElementName>joint</ElementName><required>false</required><Axis z:Ref="i113"/><AxisName>?????????1</AxisName><Calibration z:Ref="i120"/><Child z:Ref="i111"/><CoordinateSystemName>?????????0</CoordinateSystemName><Dynamics z:Ref="i123"/><Limit z:Ref="i115"/><Mimic z:Ref="i131"/><NameAttribute z:Ref="i104"/><Origin z:Ref="i106"/><Parent z:Ref="i109"/><Safety z:Ref="i126"/><TypeAttribute z:Ref="i105"/></URDFElement></ChildElements><ElementName>link</ElementName><required>true</required><Children><Link z:Id="i135"><Attributes><Attribute z:Id="i136"><AttributeType>name</AttributeType><IsRequired>true</IsRequired><Value i:type="a:string" xmlns:a="http://www.w3.org/2001/XMLSchema">Link2</Value></Attribute></Attributes><ChildElements><URDFElement z:Id="i137" i:type="Inertial"><Attributes/><ChildElements><URDFElement z:Id="i138" i:type="Origin"><Attributes><Attribute z:Id="i139"><AttributeType>xyz</AttributeType><IsRequired>true</IsRequired><Value i:type="a:ArrayOfdouble" xmlns:a="http://schemas.microsoft.com/2003/10/Serialization/Arrays"><a:double>0</a:double><a:double>0</a:double><a:double>0</a:double></Value></Attribute><Attribute z:Id="i140"><AttributeType>rpy</AttributeType><IsRequired>true</IsRequired><Value i:type="a:ArrayOfdouble" xmlns:a="http://schemas.microsoft.com/2003/10/Serialization/Arrays"><a:double>0</a:double><a:double>0</a:double><a:double>0</a:double></Value></Attribute></Attributes><ChildElements/><ElementName>origin</ElementName><required>false</required><RPYAttribute z:Ref="i140"/><XYZAttribute z:Ref="i139"/><isCustomized>false</isCustomized></URDFElement><URDFElement z:Id="i141" i:type="Mass"><Attributes><Attribute z:Id="i142"><AttributeType>value</AttributeType><IsRequired>true</IsRequired><Value i:type="a:double" xmlns:a="http://www.w3.org/2001/XMLSchema">0</Value></Attribute></Attributes><ChildElements/><ElementName>mass</ElementName><required>false</required><ValueAttribute z:Ref="i142"/></URDFElement><URDFElement z:Id="i143" i:type="Inertia"><Attributes><Attribute z:Id="i144"><AttributeType>ixx</AttributeType><IsRequired>true</IsRequired><Value i:type="a:double" xmlns:a="http://www.w3.org/2001/XMLSchema">0</Value></Attribute><Attribute z:Id="i145"><AttributeType>ixy</AttributeType><IsRequired>true</IsRequired><Value i:type="a:double" xmlns:a="http://www.w3.org/2001/XMLSchema">0</Value></Attribute><Attribute z:Id="i146"><AttributeType>ixz</AttributeType><IsRequired>true</IsRequired><Value i:type="a:double" xmlns:a="http://www.w3.org/2001/XMLSchema">0</Value></Attribute><Attribute z:Id="i147"><AttributeType>iyy</AttributeType><IsRequired>true</IsRequired><Value i:type="a:double" xmlns:a="http://www.w3.org/2001/XMLSchema">0</Value></Attribute><Attribute z:Id="i148"><AttributeType>iyz</AttributeType><IsRequired>true</IsRequired><Value i:type="a:double" xmlns:a="http://www.w3.org/2001/XMLSchema">0</Value></Attribute><Attribute z:Id="i149"><AttributeType>izz</AttributeType><IsRequired>true</IsRequired><Value i:type="a:double" xmlns:a="http://www.w3.org/2001/XMLSchema">0</Value></Attribute></Attributes><ChildElements/><ElementName>inertia</ElementName><required>false</required><IxxAttribute z:Ref="i144"/><IxyAttribute z:Ref="i145"/><IxzAttribute z:Ref="i146"/><IyyAttribute z:Ref="i147"/><IyzAttribute z:Ref="i148"/><IzzAttribute z:Ref="i149"/></URDFElement></ChildElements><ElementName>inertial</ElementName><required>false</required><Inertia z:Ref="i143"/><Mass z:Ref="i141"/><Origin z:Ref="i138"/></URDFElement><URDFElement z:Id="i150" i:type="Visual"><Attributes/><ChildElements><URDFElement z:Id="i151" i:type="Origin"><Attributes><Attribute z:Id="i152"><AttributeType>xyz</AttributeType><IsRequired>true</IsRequired><Value i:type="a:ArrayOfdouble" xmlns:a="http://schemas.microsoft.com/2003/10/Serialization/Arrays"><a:double>0</a:double><a:double>0</a:double><a:double>0</a:double></Value></Attribute><Attribute z:Id="i153"><AttributeType>rpy</AttributeType><IsRequired>true</IsRequired><Value i:type="a:ArrayOfdouble" xmlns:a="http://schemas.microsoft.com/2003/10/Serialization/Arrays"><a:double>0</a:double><a:double>0</a:double><a:double>0</a:double></Value></Attribute></Attributes><ChildElements/><ElementName>origin</ElementName><required>false</required><RPYAttribute z:Ref="i153"/><XYZAttribute z:Ref="i152"/><isCustomized>false</isCustomized></URDFElement><URDFElement z:Id="i154" i:type="Geometry"><Attributes/><ChildElements><URDFElement z:Id="i155" i:type="Mesh"><Attributes><Attribute z:Id="i156"><AttributeType>filename</AttributeType><IsRequired>true</IsRequired><Value i:nil="true"/></Attribute></Attributes><ChildElements/><ElementName>mesh</ElementName><required>false</required><FilenameAttribute z:Ref="i156"/></URDFElement></ChildElements><ElementName>geometry</ElementName><required>true</required><Mesh z:Ref="i155"/></URDFElement><URDFElement z:Id="i157" i:type="Material"><Attributes><Attribute z:Id="i158"><AttributeType>name</AttributeType><IsRequired>true</IsRequired><Value i:type="a:string" xmlns:a="http://www.w3.org/2001/XMLSchema"/></Attribute></Attributes><ChildElements><URDFElement z:Id="i159" i:type="Color"><Attributes><Attribute z:Id="i160"><AttributeType>rgba</AttributeType><IsRequired>true</IsRequired><Value i:type="a:ArrayOfdouble" xmlns:a="http://schemas.microsoft.com/2003/10/Serialization/Arrays"><a:double>1</a:double><a:double>1</a:double><a:double>1</a:double><a:double>1</a:double></Value></Attribute></Attributes><ChildElements/><ElementName>color</ElementName><required>false</required><RGBAAttribute z:Ref="i160"/></URDFElement><URDFElement z:Id="i161" i:type="Texture"><Attributes><Attribute z:Id="i162"><AttributeType>filename</AttributeType><IsRequired>true</IsRequired><Value i:nil="true"/></Attribute></Attributes><ChildElements/><ElementName>texture</ElementName><required>false</required><FilenameAttribute z:Ref="i162"/><wFilename/></URDFElement></ChildElements><ElementName>material</ElementName><required>false</required><Color z:Ref="i159"/><NameAttribute z:Ref="i158"/><Texture z:Ref="i161"/></URDFElement></ChildElements><ElementName>visual</ElementName><required>false</required><Geometry z:Ref="i154"/><Material z:Ref="i157"/><Origin z:Ref="i151"/></URDFElement><URDFElement z:Id="i163" i:type="Collision"><Attributes/><ChildElements><URDFElement z:Id="i164" i:type="Origin"><Attributes><Attribute z:Id="i165"><AttributeType>xyz</AttributeType><IsRequired>true</IsRequired><Value i:type="a:ArrayOfdouble" xmlns:a="http://schemas.microsoft.com/2003/10/Serialization/Arrays"><a:double>0</a:double><a:double>0</a:double><a:double>0</a:double></Value></Attribute><Attribute z:Id="i166"><AttributeType>rpy</AttributeType><IsRequired>true</IsRequired><Value i:type="a:ArrayOfdouble" xmlns:a="http://schemas.microsoft.com/2003/10/Serialization/Arrays"><a:double>0</a:double><a:double>0</a:double><a:double>0</a:double></Value></Attribute></Attributes><ChildElements/><ElementName>origin</ElementName><required>false</required><RPYAttribute z:Ref="i166"/><XYZAttribute z:Ref="i165"/><isCustomized>false</isCustomized></URDFElement><URDFElement z:Id="i167" i:type="Geometry"><Attributes/><ChildElements><URDFElement z:Id="i168" i:type="Mesh"><Attributes><Attribute z:Id="i169"><AttributeType>filename</AttributeType><IsRequired>true</IsRequired><Value i:nil="true"/></Attribute></Attributes><ChildElements/><ElementName>mesh</ElementName><required>false</required><FilenameAttribute z:Ref="i169"/></URDFElement></ChildElements><ElementName>geometry</ElementName><required>true</required><Mesh z:Ref="i168"/></URDFElement></ChildElements><ElementName>collision</ElementName><required>false</required><Geometry z:Ref="i167"/><Origin z:Ref="i164"/></URDFElement><URDFElement z:Id="i170" i:type="Joint"><Attributes><Attribute z:Id="i171"><AttributeType>name</AttributeType><IsRequired>true</IsRequired><Value i:type="a:string" xmlns:a="http://www.w3.org/2001/XMLSchema">joint2</Value></Attribute><Attribute z:Id="i172"><AttributeType>type</AttributeType><IsRequired>true</IsRequired><Value i:type="a:string" xmlns:a="http://www.w3.org/2001/XMLSchema">revolute</Value></Attribute></Attributes><ChildElements><URDFElement z:Id="i173" i:type="Origin"><Attributes><Attribute z:Id="i174"><AttributeType>xyz</AttributeType><IsRequired>true</IsRequired><Value i:type="a:ArrayOfdouble" xmlns:a="http://schemas.microsoft.com/2003/10/Serialization/Arrays"><a:double>0</a:double><a:double>0</a:double><a:double>0</a:double></Value></Attribute><Attribute z:Id="i175"><AttributeType>rpy</AttributeType><IsRequired>true</IsRequired><Value i:type="a:ArrayOfdouble" xmlns:a="http://schemas.microsoft.com/2003/10/Serialization/Arrays"><a:double>0</a:double><a:double>0</a:double><a:double>0</a:double></Value></Attribute></Attributes><ChildElements/><ElementName>origin</ElementName><required>false</required><RPYAttribute z:Ref="i175"/><XYZAttribute z:Ref="i174"/><isCustomized>false</isCustomized></URDFElement><URDFElement z:Id="i176" i:type="ParentLink"><Attributes><Attribute z:Id="i177"><AttributeType>link</AttributeType><IsRequired>true</IsRequired><Value i:type="a:string" xmlns:a="http://www.w3.org/2001/XMLSchema"/></Attribute></Attributes><ChildElements/><ElementName>parent</ElementName><required>true</required><NameAttribute z:Ref="i177"/></URDFElement><URDFElement z:Id="i178" i:type="ChildLink"><Attributes><Attribute z:Id="i179"><AttributeType>link</AttributeType><IsRequired>true</IsRequired><Value i:type="a:string" xmlns:a="http://www.w3.org/2001/XMLSchema"/></Attribute></Attributes><ChildElements/><ElementName>child</ElementName><required>true</required><NameAttribute z:Ref="i179"/></URDFElement><URDFElement z:Id="i180" i:type="Axis"><Attributes><Attribute z:Id="i181"><AttributeType>xyz</AttributeType><IsRequired>true</IsRequired><Value i:type="a:ArrayOfdouble" xmlns:a="http://schemas.microsoft.com/2003/10/Serialization/Arrays"><a:double>0</a:double><a:double>0</a:double><a:double>0</a:double></Value></Attribute></Attributes><ChildElements/><ElementName>axis</ElementName><required>false</required><XYZAttribute z:Ref="i181"/></URDFElement><URDFElement z:Id="i182" i:type="Limit"><Attributes><Attribute z:Id="i183"><AttributeType>lower</AttributeType><IsRequired>false</IsRequired><Value i:nil="true"/></Attribute><Attribute z:Id="i184"><AttributeType>upper</AttributeType><IsRequired>false</IsRequired><Value i:nil="true"/></Attribute><Attribute z:Id="i185"><AttributeType>effort</AttributeType><IsRequired>true</IsRequired><Value i:nil="true"/></Attribute><Attribute z:Id="i186"><AttributeType>velocity</AttributeType><IsRequired>true</IsRequired><Value i:nil="true"/></Attribute></Attributes><ChildElements/><ElementName>limit</ElementName><required>false</required><EffortAttribute z:Ref="i185"/><LowerAttribute z:Ref="i183"/><UpperAttribute z:Ref="i184"/><VelocityAttribute z:Ref="i186"/></URDFElement><URDFElement z:Id="i187" i:type="Calibration"><Attributes><Attribute z:Id="i188"><AttributeType>rising</AttributeType><IsRequired>false</IsRequired><Value i:nil="true"/></Attribute><Attribute z:Id="i189"><AttributeType>falling</AttributeType><IsRequired>false</IsRequired><Value i:nil="true"/></Attribute></Attributes><ChildElements/><ElementName>calibration</ElementName><required>false</required><FallingAttribute z:Ref="i189"/><RisingAttribute z:Ref="i188"/></URDFElement><URDFElement z:Id="i190" i:type="Dynamics"><Attributes><Attribute z:Id="i191"><AttributeType>damping</AttributeType><IsRequired>false</IsRequired><Value i:nil="true"/></Attribute><Attribute z:Id="i192"><AttributeType>friction</AttributeType><IsRequired>false</IsRequired><Value i:nil="true"/></Attribute></Attributes><ChildElements/><ElementName>dynamics</ElementName><required>false</required><DampingAttribute z:Ref="i191"/><FrictionAttribute z:Ref="i192"/></URDFElement><URDFElement z:Id="i193" i:type="SafetyController"><Attributes><Attribute z:Id="i194"><AttributeType>soft_upper</AttributeType><IsRequired>false</IsRequired><Value i:nil="true"/></Attribute><Attribute z:Id="i195"><AttributeType>soft_lower</AttributeType><IsRequired>false</IsRequired><Value i:nil="true"/></Attribute><Attribute z:Id="i196"><AttributeType>k_position</AttributeType><IsRequired>false</IsRequired><Value i:nil="true"/></Attribute><Attribute z:Id="i197"><AttributeType>k_velocity</AttributeType><IsRequired>true</IsRequired><Value i:type="a:double" xmlns:a="http://www.w3.org/2001/XMLSchema">0</Value></Attribute></Attributes><ChildElements/><ElementName>safety_controller</ElementName><required>false</required><KPositionAttribute z:Ref="i196"/><KVelocityAttribute z:Ref="i197"/><SoftLowerAttribute z:Ref="i195"/><SoftUpperAttribute z:Ref="i194"/></URDFElement><URDFElement z:Id="i198" i:type="Mimic"><Attributes><Attribute z:Id="i199"><AttributeType>joint</AttributeType><IsRequired>true</IsRequired><Value i:nil="true"/></Attribute><Attribute z:Id="i200"><AttributeType>multiplier</AttributeType><IsRequired>false</IsRequired><Value i:nil="true"/></Attribute><Attribute z:Id="i201"><AttributeType>offset</AttributeType><IsRequired>false</IsRequired><Value i:nil="true"/></Attribute></Attributes><ChildElements/><ElementName>mimic</ElementName><required>false</required><JointNameAttribute z:Ref="i199"/><MultiplierAttribute z:Ref="i200"/><OffsetAttribute z:Ref="i201"/></URDFElement></ChildElements><ElementName>joint</ElementName><required>false</required><Axis z:Ref="i180"/><AxisName>?????????2</AxisName><Calibration z:Ref="i187"/><Child z:Ref="i178"/><CoordinateSystemName>?????????1</CoordinateSystemName><Dynamics z:Ref="i190"/><Limit z:Ref="i182"/><Mimic z:Ref="i198"/><NameAttribute z:Ref="i171"/><Origin z:Ref="i173"/><Parent z:Ref="i176"/><Safety z:Ref="i193"/><TypeAttribute z:Ref="i172"/></URDFElement></ChildElements><ElementName>link</ElementName><required>true</required><Children/><Collision z:Ref="i163"/><Inertial z:Ref="i137"/><Joint z:Ref="i170"/><NameAttribute z:Ref="i136"/><Parent z:Ref="i68"/><STLQualityFine>false</STLQualityFine><SWComponentPIDs xmlns:a="http://schemas.microsoft.com/2003/10/Serialization/Arrays"><a:base64Binary>KCMAAAUAAAD//v8XYQBuAHkAZAByAGkAdgBlADIALQAxAEAAZwBiAF8AYQBzAHMAZQBtAGIAbAB5AAQAAAAQAAAAAQAAAAEAAAAZAAAA</a:base64Binary><a:base64Binary>KCMAAAUAAAD//v8fbABpAG4AawAyAF4AZwBiAF8AYQBzAHMAZQBtAGIAbAB5AC0AMgBAAGcAYgBfAGEAcwBzAGUAbQBiAGwAeQAEAAAAEAAAAAEAAAABAAAARQAAAA==</a:base64Binary></SWComponentPIDs><SWMainComponentPID i:nil="true"/><Visual z:Ref="i150"/><isFixedFrame>false</isFixedFrame><isIncomplete>false</isIncomplete></Link></Children><Collision z:Ref="i96"/><Inertial z:Ref="i70"/><Joint z:Ref="i103"/><NameAttribute z:Ref="i69"/><Parent z:Ref="i1"/><STLQualityFine>false</STLQualityFine><SWComponentPIDs xmlns:a="http://schemas.microsoft.com/2003/10/Serialization/Arrays"><a:base64Binary>KCMAAAUAAAD//v8TbABpAG4AawAxAC0AMQBAAGcAYgBfAGEAcwBzAGUAbQBiAGwAeQAEAAAAEAAAAAEAAAABAAAAJAAAAA==</a:base64Binary></SWComponentPIDs><SWMainComponentPID i:nil="true"/><Visual z:Ref="i83"/><isFixedFrame>false</isFixedFrame><isIncomplete>false</isIncomplete></Link></Children><Collision z:Ref="i29"/><Inertial z:Ref="i3"/><Joint z:Ref="i36"/><NameAttribute z:Ref="i2"/><Parent i:nil="true"/><STLQualityFine>false</STLQualityFine><SWComponentPIDs xmlns:a="http://schemas.microsoft.com/2003/10/Serialization/Arrays"><a:base64Binary>KCMAAAUAAAD//v8XYQBuAHkAZAByAGkAdgBlADEALQAxAEAAZwBiAF8AYQBzAHMAZQBtAGIAbAB5AAQAAAAQAAAAAQAAAAEAAAAYAAAA</a:base64Binary><a:base64Binary>KCMAAAUAAAD//v8SYgBhAHMAZQAtADEAQABnAGIAXwBhAHMAcwBlAG0AYgBsAHkABAAAABAAAAABAAAAAQAAABoAAAA=</a:base64Binary></SWComponentPIDs><SWMainComponentPID i:nil="true"/><Visual z:Ref="i16"/><isFixedFrame>false</isFixedFrame><isIncomplete>false</isIncomplete></Link>
2019-08-29 10:04:11,257 INFO  AssemblyExportForm.cs: 307 - Saving URDF package to C:\Users\Administrator\Desktop\two_link
2019-08-29 10:04:11,261 INFO  ExportHelper.cs: 147 - Beginning the export process
2019-08-29 10:04:11,264 INFO  ExportHelper.cs: 153 - Creating package directories with name two_link and save path C:\Users\Administrator\Desktop
2019-08-29 10:04:14,812 INFO  ExportHelper.cs: 162 - Creating CMakeLists.txt at C:\Users\Administrator\Desktop\two_link\CMakeLists.txt
2019-08-29 10:04:14,827 INFO  ExportHelper.cs: 166 - Creating joint names config at C:\Users\Administrator\Desktop\two_link\config\joint_names_two_link.yaml
2019-08-29 10:04:14,829 INFO  ExportHelper.cs: 170 - Creating package.xml at C:\Users\Administrator\Desktop\two_link\package.xml
2019-08-29 10:04:14,831 INFO  PackageXMLWriter.cs: 21 - Creating package.xml at C:\Users\Administrator\Desktop\two_link\package.xml
2019-08-29 10:04:14,837 INFO  ExportHelper.cs: 177 - Creating RVIZ launch file in C:\Users\Administrator\Desktop\two_link\launch\
2019-08-29 10:04:14,840 INFO  ExportHelper.cs: 182 - Creating Gazebo launch file in C:\Users\Administrator\Desktop\two_link\launch\
2019-08-29 10:04:14,843 INFO  ExportHelper.cs: 187 - Saving existing STL preferences
2019-08-29 10:04:14,845 INFO  ExportHelper.cs: 451 - Saving users preferences
2019-08-29 10:04:14,847 INFO  ExportHelper.cs: 190 - Modifying STL preferences
2019-08-29 10:04:14,848 INFO  ExportHelper.cs: 465 - Setting STL preferences
2019-08-29 10:04:14,857 INFO  ExportHelper.cs: 196 - Found 0 hidden components 
2019-08-29 10:04:14,858 INFO  ExportHelper.cs: 197 - Hiding all components
2019-08-29 10:04:15,079 INFO  ExportHelper.cs: 204 - Beginning individual files export
2019-08-29 10:04:15,086 INFO  ExportHelper.cs: 270 - Exporting link: base_link
2019-08-29 10:04:15,087 INFO  ExportHelper.cs: 272 - Link base_link has 1 children
2019-08-29 10:04:15,090 INFO  ExportHelper.cs: 270 - Exporting link: Link1
2019-08-29 10:04:15,090 INFO  ExportHelper.cs: 272 - Link Link1 has 1 children
2019-08-29 10:04:15,093 INFO  ExportHelper.cs: 270 - Exporting link: Link2
2019-08-29 10:04:15,093 INFO  ExportHelper.cs: 272 - Link Link2 has 0 children
2019-08-29 10:04:15,095 INFO  ExportHelper.cs: 318 - Link2: Exporting STL with coordinate frame 1
2019-08-29 10:04:15,096 INFO  ExportHelper.cs: 323 - Link2: Reference geometry name 
2019-08-29 10:04:15,396 INFO  ExportHelper.cs: 331 - Saving STL to C:\Users\Administrator\Desktop\two_link\meshes\Link2.STL
2019-08-29 10:04:17,434 INFO  ExportHelper.cs: 406 - Removing SW header in STL file
2019-08-29 10:04:17,436 INFO  ExportHelper.cs: 318 - Link1: Exporting STL with coordinate frame 0
2019-08-29 10:04:17,436 INFO  ExportHelper.cs: 323 - Link1: Reference geometry name 
2019-08-29 10:04:17,534 INFO  ExportHelper.cs: 331 - Saving STL to C:\Users\Administrator\Desktop\two_link\meshes\Link1.STL
2019-08-29 10:04:18,335 INFO  ExportHelper.cs: 406 - Removing SW header in STL file
2019-08-29 10:04:18,337 INFO  ExportHelper.cs: 318 - base_link: Exporting STL with coordinate frame 0
2019-08-29 10:04:18,337 INFO  ExportHelper.cs: 323 - base_link: Reference geometry name 
2019-08-29 10:04:18,417 INFO  ExportHelper.cs: 331 - Saving STL to C:\Users\Administrator\Desktop\two_link\meshes\base_link.STL
2019-08-29 10:04:19,636 INFO  ExportHelper.cs: 406 - Removing SW header in STL file
2019-08-29 10:04:19,638 INFO  ExportHelper.cs: 145 - Showing all components except previously hidden components
2019-08-29 10:04:19,811 INFO  ExportHelper.cs: 145 - Resetting STL preferences
2019-08-29 10:04:19,813 INFO  ExportHelper.cs: 479 - Returning STL preferences to user preferences
2019-08-29 10:04:19,814 INFO  ExportHelper.cs: 228 - Writing URDF file to C:\Users\Administrator\Desktop\two_link\urdf\two_link.urdf
2019-08-29 10:04:19,835 INFO  CSVImportExport.cs: 32 - Writing CSV file C:\Users\Administrator\Desktop\two_link\urdf\two_link.csv
2019-08-29 10:04:19,874 ERROR CSVImportExport.cs: 132 - The following columns were not written to the CSV: Link.Joint.ChildLink.link,
2019-08-29 10:04:19,874 ERROR CSVImportExport.cs: 132 - The following columns were not written to the CSV: Link.Joint.ChildLink.link,
2019-08-29 10:04:19,875 ERROR CSVImportExport.cs: 132 - The following columns were not written to the CSV: Link.Joint.ChildLink.link,
2019-08-29 10:04:19,876 INFO  ExportHelper.cs: 234 - Copying log file
2019-08-29 10:04:19,880 INFO  ExportHelper.cs: 440 - Copying C:\Users\Administrator\sw2urdf_logs\sw2urdf.log to C:\Users\Administrator\Desktop\two_link\export.log
