Determining if the pthread_create exist failed with the following output:
Change Dir: /home/d/catkin_ws/debug/CMakeFiles/CMakeTmp

Run Build Command:"/usr/bin/make" "cmTC_30be7/fast"
/usr/bin/make -f CMakeFiles/cmTC_30be7.dir/build.make CMakeFiles/cmTC_30be7.dir/build
make[1]: Entering directory '/home/d/catkin_ws/debug/CMakeFiles/CMakeTmp'
Building C object CMakeFiles/cmTC_30be7.dir/CheckSymbolExists.c.o
/usr/bin/gcc     -o CMakeFiles/cmTC_30be7.dir/CheckSymbolExists.c.o   -c /home/d/catkin_ws/debug/CMakeFiles/CMakeTmp/CheckSymbolExists.c
Linking C executable cmTC_30be7
/usr/bin/cmake -E cmake_link_script CMakeFiles/cmTC_30be7.dir/link.txt --verbose=1
/usr/bin/gcc       CMakeFiles/cmTC_30be7.dir/CheckSymbolExists.c.o  -o cmTC_30be7 -rdynamic 
CMakeFiles/cmTC_30be7.dir/CheckSymbolExists.c.o：在函数‘main’中：
CheckSymbolExists.c:(.text+0x16)：对‘pthread_create’未定义的引用
collect2: error: ld returned 1 exit status
CMakeFiles/cmTC_30be7.dir/build.make:97: recipe for target 'cmTC_30be7' failed
make[1]: *** [cmTC_30be7] Error 1
make[1]: Leaving directory '/home/d/catkin_ws/debug/CMakeFiles/CMakeTmp'
Makefile:126: recipe for target 'cmTC_30be7/fast' failed
make: *** [cmTC_30be7/fast] Error 2

File /home/d/catkin_ws/debug/CMakeFiles/CMakeTmp/CheckSymbolExists.c:
/* */
#include <pthread.h>

int main(int argc, char** argv)
{
  (void)argv;
#ifndef pthread_create
  return ((int*)(&pthread_create))[argc];
#else
  (void)argc;
  return 0;
#endif
}

Determining if the function pthread_create exists in the pthreads failed with the following output:
Change Dir: /home/d/catkin_ws/debug/CMakeFiles/CMakeTmp

Run Build Command:"/usr/bin/make" "cmTC_a57ef/fast"
/usr/bin/make -f CMakeFiles/cmTC_a57ef.dir/build.make CMakeFiles/cmTC_a57ef.dir/build
make[1]: Entering directory '/home/d/catkin_ws/debug/CMakeFiles/CMakeTmp'
Building C object CMakeFiles/cmTC_a57ef.dir/CheckFunctionExists.c.o
/usr/bin/gcc    -DCHECK_FUNCTION_EXISTS=pthread_create   -o CMakeFiles/cmTC_a57ef.dir/CheckFunctionExists.c.o   -c /usr/share/cmake-3.5/Modules/CheckFunctionExists.c
Linking C executable cmTC_a57ef
/usr/bin/cmake -E cmake_link_script CMakeFiles/cmTC_a57ef.dir/link.txt --verbose=1
/usr/bin/gcc   -DCHECK_FUNCTION_EXISTS=pthread_create    CMakeFiles/cmTC_a57ef.dir/CheckFunctionExists.c.o  -o cmTC_a57ef -rdynamic -lpthreads 
/usr/bin/ld: 找不到 -lpthreads
collect2: error: ld returned 1 exit status
CMakeFiles/cmTC_a57ef.dir/build.make:97: recipe for target 'cmTC_a57ef' failed
make[1]: *** [cmTC_a57ef] Error 1
make[1]: Leaving directory '/home/d/catkin_ws/debug/CMakeFiles/CMakeTmp'
Makefile:126: recipe for target 'cmTC_a57ef/fast' failed
make: *** [cmTC_a57ef/fast] Error 2


